08:40:40.040 [main] INFO  api.test.UserTests - ***************Creting user******
08:40:43.043 [main] INFO  api.test.UserTests - ***************User is created********
08:40:43.043 [main] INFO  api.test.UserTests - ***************Reading User********
08:40:44.044 [main] INFO  api.test.UserTests - ***************Successfull reading of User********
08:40:44.044 [main] INFO  api.test.UserTests - ***************Updating User********
08:40:46.046 [main] INFO  api.test.UserTests - ***************User is updated successfully********
08:40:47.047 [main] INFO  api.test.UserTests - ***************Deleting User********
08:40:49.049 [main] INFO  api.test.UserTests - ***************User is deleted********
08:43:28.028 [main] INFO  api.test.UserTests - ***************Creating user******
08:43:31.031 [main] INFO  api.test.UserTests - ***************User is created********
08:43:31.031 [main] INFO  api.test.UserTests - ***************Reading User********
08:43:32.032 [main] INFO  api.test.UserTests - ***************successful reading of User********
08:43:32.032 [main] INFO  api.test.UserTests - ***************Updating User********
08:43:34.034 [main] INFO  api.test.UserTests - ***************User is updated successfully********
08:43:35.035 [main] INFO  api.test.UserTests - ***************Deleting User********
08:43:37.037 [main] INFO  api.test.UserTests - ***************User is deleted********
08:45:15.015 [main] INFO  api.test.UserTests - ***************Creating user******
08:45:17.017 [main] INFO  api.test.UserTests - ***************User is created********
08:45:17.017 [main] INFO  api.test.UserTests - ***************Reading User********
08:45:19.019 [main] INFO  api.test.UserTests - ***************successful reading of User********
08:45:19.019 [main] INFO  api.test.UserTests - ***************Updating User********
08:45:20.020 [main] INFO  api.test.UserTests - ***************User is updated successfully********
08:45:22.022 [main] INFO  api.test.UserTests - ***************Deleting User********
08:45:23.023 [main] INFO  api.test.UserTests - ***************User is deleted********
10:36:26.026 [main] INFO  api.test.UserTests2 - ***************Creating user******
10:36:26.026 [main] INFO  api.test.UserTests2 - ***************Reading User********
10:36:26.026 [main] INFO  api.test.UserTests2 - ***************Updating User********
10:36:26.026 [main] INFO  api.test.UserTests2 - ***************Deleting User********
10:37:45.045 [main] INFO  api.test.UserTests2 - ***************Creating user******
10:37:45.045 [main] INFO  api.test.UserTests2 - ***************Reading User********
10:37:45.045 [main] INFO  api.test.UserTests2 - ***************Updating User********
10:37:45.045 [main] INFO  api.test.UserTests2 - ***************Deleting User********
12:41:24.024 [main] INFO  api.test.UserTests2 - ***************Creating user******
12:41:27.027 [main] INFO  api.test.UserTests2 - ***************User is created********
12:41:27.027 [main] INFO  api.test.UserTests2 - ***************Reading User********
12:41:30.030 [main] INFO  api.test.UserTests2 - ***************successful reading of User********
12:41:30.030 [main] INFO  api.test.UserTests2 - ***************Updating User********
12:41:32.032 [main] INFO  api.test.UserTests2 - ***************User is updated successfully********
12:41:33.033 [main] INFO  api.test.UserTests2 - ***************Deleting User********
12:41:35.035 [main] INFO  api.test.UserTests2 - ***************User is deleted********
12:55:29.029 [main] INFO  api.test.UserTests2 - ***************Creating user******
12:55:31.031 [main] INFO  api.test.UserTests2 - ***************User is created********
12:55:31.031 [main] INFO  api.test.UserTests2 - ***************Reading User********
12:55:33.033 [main] INFO  api.test.UserTests2 - ***************successful reading of User********
12:55:33.033 [main] INFO  api.test.UserTests2 - ***************Updating User********
12:55:35.035 [main] INFO  api.test.UserTests2 - ***************User is updated successfully********
12:55:37.037 [main] INFO  api.test.UserTests2 - ***************Deleting User********
12:55:39.039 [main] INFO  api.test.UserTests2 - ***************User is deleted********
12:58:36.036 [main] INFO  api.test.UserTests2 - ***************Creating user******
12:58:39.039 [main] INFO  api.test.UserTests2 - ***************User is created********
12:58:39.039 [main] INFO  api.test.UserTests2 - ***************Reading User********
12:58:41.041 [main] INFO  api.test.UserTests2 - ***************successful reading of User********
12:58:41.041 [main] INFO  api.test.UserTests2 - ***************Updating User********
12:58:43.043 [main] INFO  api.test.UserTests2 - ***************User is updated successfully********
12:58:44.044 [main] INFO  api.test.UserTests2 - ***************Deleting User********
12:58:46.046 [main] INFO  api.test.UserTests2 - ***************User is deleted********
13:00:1.001 [main] INFO  api.test.UserTests2 - ***************Creating user******
13:00:4.004 [main] INFO  api.test.UserTests2 - ***************User is created********
13:00:4.004 [main] INFO  api.test.UserTests2 - ***************Reading User********
13:00:6.006 [main] INFO  api.test.UserTests2 - ***************successful reading of User********
13:00:6.006 [main] INFO  api.test.UserTests2 - ***************Updating User********
13:00:8.008 [main] INFO  api.test.UserTests2 - ***************User is updated successfully********
13:00:10.010 [main] INFO  api.test.UserTests2 - ***************Deleting User********
13:00:12.012 [main] INFO  api.test.UserTests2 - ***************User is deleted********
14:50:47.047 [main] DEBUG org.apache.poi.openxml4j.opc.PackageRelationshipCollection - Parsing relationship: /xl/_rels/workbook.xml.rels
14:50:47.047 [main] DEBUG org.apache.poi.openxml4j.opc.PackageRelationshipCollection - Parsing relationship: /xl/worksheets/_rels/sheet1.xml.rels
14:50:47.047 [main] DEBUG org.apache.poi.openxml4j.opc.PackageRelationshipCollection - Parsing relationship: /_rels/.rels
14:50:47.047 [main] DEBUG org.apache.poi.openxml4j.opc.PackageRelationshipCollection - Parsing relationship: /xl/_rels/workbook.xml.rels
14:50:47.047 [main] DEBUG org.apache.poi.openxml4j.opc.PackageRelationshipCollection - Parsing relationship: /xl/worksheets/_rels/sheet1.xml.rels
14:50:47.047 [main] DEBUG org.apache.poi.openxml4j.opc.PackageRelationshipCollection - Parsing relationship: /_rels/.rels
14:50:47.047 [main] DEBUG org.apache.poi.openxml4j.opc.PackageRelationshipCollection - Parsing relationship: /xl/_rels/workbook.xml.rels
14:50:47.047 [main] DEBUG org.apache.poi.openxml4j.opc.PackageRelationshipCollection - Parsing relationship: /xl/worksheets/_rels/sheet1.xml.rels
14:50:47.047 [main] DEBUG org.apache.poi.openxml4j.opc.PackageRelationshipCollection - Parsing relationship: /_rels/.rels
14:50:47.047 [main] DEBUG org.apache.poi.openxml4j.opc.PackageRelationshipCollection - Parsing relationship: /xl/_rels/workbook.xml.rels
14:50:47.047 [main] DEBUG org.apache.poi.openxml4j.opc.PackageRelationshipCollection - Parsing relationship: /xl/worksheets/_rels/sheet1.xml.rels
14:50:47.047 [main] DEBUG org.apache.poi.openxml4j.opc.PackageRelationshipCollection - Parsing relationship: /_rels/.rels
14:50:47.047 [main] DEBUG org.apache.poi.openxml4j.opc.PackageRelationshipCollection - Parsing relationship: /xl/_rels/workbook.xml.rels
14:50:47.047 [main] DEBUG org.apache.poi.openxml4j.opc.PackageRelationshipCollection - Parsing relationship: /xl/worksheets/_rels/sheet1.xml.rels
14:50:47.047 [main] DEBUG org.apache.poi.openxml4j.opc.PackageRelationshipCollection - Parsing relationship: /_rels/.rels
14:50:54.054 [main] INFO  api.test.UserTests - ***************Creating user******
14:50:56.056 [main] INFO  api.test.UserTests - ***************User is created********
14:50:56.056 [main] INFO  api.test.UserTests - ***************Reading User********
14:50:58.058 [main] INFO  api.test.UserTests - ***************successful reading of User********
14:50:58.058 [main] INFO  api.test.UserTests - ***************Updating User********
14:50:59.059 [main] INFO  api.test.UserTests - ***************User is updated successfully********
14:51:1.001 [main] INFO  api.test.UserTests - ***************Deleting User********
14:51:2.002 [main] INFO  api.test.UserTests - ***************User is deleted********
15:02:25.025 [main] INFO  api.test.UserTests2 - ***************Creating user******
15:02:28.028 [main] INFO  api.test.UserTests2 - ***************User is created********
15:02:28.028 [main] INFO  api.test.UserTests2 - ***************Reading User********
15:02:29.029 [main] INFO  api.test.UserTests2 - ***************successful reading of User********
15:02:29.029 [main] INFO  api.test.UserTests2 - ***************Updating User********
15:02:31.031 [main] INFO  api.test.UserTests2 - ***************User is updated successfully********
15:02:33.033 [main] INFO  api.test.UserTests2 - ***************Deleting User********
15:02:34.034 [main] INFO  api.test.UserTests2 - ***************User is deleted********
19:40:24.024 [main] INFO  api.test.UserTests2 - ***************Creating user******
19:40:28.028 [main] INFO  api.test.UserTests2 - ***************User is created********
19:40:28.028 [main] INFO  api.test.UserTests2 - ***************Reading User********
19:40:30.030 [main] INFO  api.test.UserTests2 - ***************successful reading of User********
19:40:30.030 [main] INFO  api.test.UserTests2 - ***************Updating User********
19:40:32.032 [main] INFO  api.test.UserTests2 - ***************User is updated successfully********
19:40:34.034 [main] INFO  api.test.UserTests2 - ***************Deleting User********
19:40:36.036 [main] INFO  api.test.UserTests2 - ***************User is deleted********
20:05:28.028 [main] INFO  api.test.UserTests2 - ***************Creating user******
20:05:32.032 [main] INFO  api.test.UserTests2 - ***************User is created********
20:05:32.032 [main] INFO  api.test.UserTests2 - ***************Reading User********
20:05:33.033 [main] INFO  api.test.UserTests2 - ***************successful reading of User********
20:05:33.033 [main] INFO  api.test.UserTests2 - ***************Updating User********
20:05:35.035 [main] INFO  api.test.UserTests2 - ***************User is updated successfully********
20:05:37.037 [main] INFO  api.test.UserTests2 - ***************Deleting User********
20:05:39.039 [main] INFO  api.test.UserTests2 - ***************User is deleted********
